#
# There is insufficient memory for the Java Runtime Environment to continue.
# Native memory allocation (mmap) failed to map 20447232 bytes for committing reserved memory.
# Possible reasons:
#   The system is out of physical RAM or swap space
#   The process is running with CompressedOops enabled, and the Java Heap may be blocking the growth of the native heap
# Possible solutions:
#   Reduce memory load on the system
#   Increase physical memory or swap space
#   Check if swap backing store is full
#   Decrease Java heap size (-Xmx/-Xms)
#   Decrease number of Java threads
#   Decrease Java thread stack sizes (-Xss)
#   Set larger code cache with -XX:ReservedCodeCacheSize=
#   JVM is running with Unscaled Compressed Oops mode in which the Java heap is
#     placed in the first 4GB address space. The Java Heap base address is the
#     maximum limit for the native heap growth. Please use -XX:HeapBaseMinAddress
#     to set the Java Heap base and to place the Java Heap above 4GB virtual address.
# This output file may be truncated or incomplete.
#
#  Out of Memory Error (os_linux.cpp:2757), pid=17473, tid=0x00007f44a3dfd700
#
# JRE version: OpenJDK Runtime Environment (8.0_222-b10) (build 1.8.0_222-8u222-b10-1ubuntu1~18.04.1-b10)
# Java VM: OpenJDK 64-Bit Server VM (25.222-b10 mixed mode linux-amd64 compressed oops)
# Failed to write core dump. Core dumps have been disabled. To enable core dumping, try "ulimit -c unlimited" before starting Java again
#

---------------  T H R E A D  ---------------

Current thread (0x00007f44b8078000):  VMThread [stack: 0x00007f44a3cfe000,0x00007f44a3dfe000] [id=17481]

Stack: [0x00007f44a3cfe000,0x00007f44a3dfe000],  sp=0x00007f44a3dfc430,  free space=1017k
Native frames: (J=compiled Java code, j=interpreted, Vv=VM code, C=native code)
V  [libjvm.so+0xab8992]
V  [libjvm.so+0x4dbfd7]
V  [libjvm.so+0x8f33a0]
V  [libjvm.so+0x8ea46e]
V  [libjvm.so+0x96e106]
V  [libjvm.so+0x95cdaa]
V  [libjvm.so+0x95cf78]
V  [libjvm.so+0x95db80]
V  [libjvm.so+0x963f1c]
V  [libjvm.so+0x96422e]
V  [libjvm.so+0x457273]
V  [libjvm.so+0xab9b11]
V  [libjvm.so+0xabf1d6]
V  [libjvm.so+0xabd4d5]
V  [libjvm.so+0xabddad]
V  [libjvm.so+0xabe1b8]
V  [libjvm.so+0x8f0732]

VM_Operation (0x00007f446f6f7830): CollectForMetadataAllocation, mode: safepoint, requested by thread 0x00007f44b8bcb000


---------------  P R O C E S S  ---------------

Java Threads: ( => current thread )
  0x00007f44b800e000 JavaThread "DestroyJavaVM" [_thread_blocked, id=17478, stack(0x00007f44c2315000,0x00007f44c2415000)]
  0x00007f44b8fb6800 JavaThread "http-nio-8080-Acceptor" daemon [_thread_in_native, id=17514, stack(0x00007f446ebf4000,0x00007f446ecf5000)]
  0x00007f44b8fa5800 JavaThread "http-nio-8080-ClientPoller" daemon [_thread_blocked, id=17513, stack(0x00007f446ecf5000,0x00007f446edf6000)]
  0x00007f44b8fa3000 JavaThread "http-nio-8080-exec-10" daemon [_thread_blocked, id=17512, stack(0x00007f446edf6000,0x00007f446eef7000)]
  0x00007f44b8fa1000 JavaThread "http-nio-8080-exec-9" daemon [_thread_blocked, id=17511, stack(0x00007f446eef7000,0x00007f446eff8000)]
  0x00007f44b8f9f000 JavaThread "http-nio-8080-exec-8" daemon [_thread_blocked, id=17510, stack(0x00007f446eff8000,0x00007f446f0f9000)]
  0x00007f44b8f9d000 JavaThread "http-nio-8080-exec-7" daemon [_thread_blocked, id=17509, stack(0x00007f446f0f9000,0x00007f446f1fa000)]
  0x00007f44b8f9b000 JavaThread "http-nio-8080-exec-6" daemon [_thread_blocked, id=17508, stack(0x00007f446f1fa000,0x00007f446f2fb000)]
  0x00007f44b8f99000 JavaThread "http-nio-8080-exec-5" daemon [_thread_blocked, id=17507, stack(0x00007f446f2fb000,0x00007f446f3fc000)]
  0x00007f44b8f97800 JavaThread "http-nio-8080-exec-4" daemon [_thread_blocked, id=17506, stack(0x00007f446f3fc000,0x00007f446f4fd000)]
  0x00007f44b8f95800 JavaThread "http-nio-8080-exec-3" daemon [_thread_blocked, id=17505, stack(0x00007f446f4fd000,0x00007f446f5fe000)]
  0x00007f44b8bcb000 JavaThread "http-nio-8080-exec-2" daemon [_thread_blocked, id=17504, stack(0x00007f446f5fe000,0x00007f446f6ff000)]
  0x00007f44b8bca000 JavaThread "http-nio-8080-exec-1" daemon [_thread_blocked, id=17503, stack(0x00007f446f6ff000,0x00007f446f800000)]
  0x00007f44b8e7a000 JavaThread "http-nio-8080-BlockPoller" daemon [_thread_blocked, id=17502, stack(0x00007f44a005d000,0x00007f44a015e000)]
  0x00007f44b8fe0800 JavaThread "HikariPool-1 housekeeper" daemon [_thread_blocked, id=17498, stack(0x00007f44a1053000,0x00007f44a1154000)]
  0x00007f44b8d0e800 JavaThread "mysql-cj-abandoned-connection-cleanup" daemon [_thread_blocked, id=17497, stack(0x00007f44a0c5f000,0x00007f44a0d60000)]
  0x00007f44b8cf6800 JavaThread "container-0" [_thread_blocked, id=17495, stack(0x00007f44a1159000,0x00007f44a125a000)]
  0x00007f44b8cf5800 JavaThread "Catalina-utility-2" [_thread_blocked, id=17494, stack(0x00007f44a1e5f000,0x00007f44a1f60000)]
  0x00007f44b8ce2800 JavaThread "Catalina-utility-1" [_thread_blocked, id=17493, stack(0x00007f44a2f93000,0x00007f44a3094000)]
  0x00007f44b80c0000 JavaThread "Service Thread" daemon [_thread_blocked, id=17487, stack(0x00007f44a33e9000,0x00007f44a34ea000)]
  0x00007f44b80bd000 JavaThread "C1 CompilerThread1" daemon [_thread_blocked, id=17486, stack(0x00007f44a34eb000,0x00007f44a35eb000)]
  0x00007f44b80ba800 JavaThread "C2 CompilerThread0" daemon [_thread_blocked, id=17485, stack(0x00007f44a35ec000,0x00007f44a36ec000)]
  0x00007f44b80b8800 JavaThread "Signal Dispatcher" daemon [_thread_blocked, id=17484, stack(0x00007f44a36ec000,0x00007f44a37ed000)]
  0x00007f44b8084000 JavaThread "Finalizer" daemon [_thread_blocked, id=17483, stack(0x00007f44a3afb000,0x00007f44a3bfc000)]
  0x00007f44b8081800 JavaThread "Reference Handler" daemon [_thread_blocked, id=17482, stack(0x00007f44a3bfc000,0x00007f44a3cfd000)]

Other Threads:
=>0x00007f44b8078000 VMThread [stack: 0x00007f44a3cfe000,0x00007f44a3dfe000] [id=17481]
  0x00007f44b80c2800 WatcherThread [stack: 0x00007f44a32e9000,0x00007f44a33e9000] [id=17488]

VM state:at safepoint (normal execution)

VM Mutex/Monitor currently owned by a thread:  ([mutex/lock_event])
[0x00007f44b800a2f0] ExpandHeap_lock - owner thread: 0x00007f44b8078000
[0x00007f44b800a970] Threads_lock - owner thread: 0x00007f44b8078000
[0x00007f44b800ae70] Heap_lock - owner thread: 0x00007f44b8bcb000

heap address: 0x00000000c2400000, size: 988 MB, Compressed Oops mode: 32-bit
Narrow klass base: 0x0000000000000000, Narrow klass shift: 3
Compressed class space size: 1073741824 Address: 0x0000000100000000

Heap:
 PSYoungGen      total 224256K, used 0K [0x00000000eb700000, 0x00000000fa780000, 0x0000000100000000)
  eden space 213504K, 0% used [0x00000000eb700000,0x00000000eb700000,0x00000000f8780000)
  from space 10752K, 0% used [0x00000000f9d00000,0x00000000f9d00000,0x00000000fa780000)
  to   space 16384K, 0% used [0x00000000f8780000,0x00000000f8780000,0x00000000f9780000)
 ParOldGen       total 45056K, used 21726K [0x00000000c2400000, 0x00000000c5000000, 0x00000000eb700000)
  object space 45056K, 48% used [0x00000000c2400000,0x00000000c3937ab0,0x00000000c5000000)
 Metaspace       used 56374K, capacity 58936K, committed 59028K, reserved 1099776K
  class space    used 7532K, capacity 7988K, committed 8064K, reserved 1048576K

Card table byte_map: [0x00007f44be6bb000,0x00007f44be8aa000] byte_map_base: 0x00007f44be0a9000

Marking Bits: (ParMarkBitMap*) 0x00007f44c15a9360
 Begin Bits: [0x00007f44bc48f000, 0x00007f44bd3ff000)
 End Bits:   [0x00007f44bd3ff000, 0x00007f44be36f000)

Polling page: 0x00007f44c242a000

CodeCache: size=245760Kb used=13414Kb max_used=13551Kb free=232345Kb
 bounds [0x00007f44a9000000, 0x00007f44a9d60000, 0x00007f44b8000000]
 total_blobs=4623 nmethods=4091 adapters=446
 compilation: enabled

Compilation events (10 events):
Event: 20.180 Thread 0x00007f44b80bd000 4477   !   3       org.springframework.beans.factory.support.AbstractBeanDefinition::prepareMethodOverrides (68 bytes)
Event: 20.202 Thread 0x00007f44b80bd000 nmethod 4477 0x00007f44a96c7cd0 code [0x00007f44a96c7ee0, 0x00007f44a96c8b28]
Event: 20.205 Thread 0x00007f44b80bd000 4479       3       org.springframework.boot.web.servlet.context.WebApplicationContextServletContextAwareProcessor::getServletConfig (23 bytes)
Event: 20.206 Thread 0x00007f44b80bd000 nmethod 4479 0x00007f44a9933310 code [0x00007f44a9933480, 0x00007f44a9933708]
Event: 20.207 Thread 0x00007f44b80bd000 4483       1       org.springframework.data.jpa.repository.config.JpaMetamodelMappingContextFactoryBean::getObjectType (3 bytes)
Event: 20.207 Thread 0x00007f44b80bd000 nmethod 4483 0x00007f44a948e950 code [0x00007f44a948eaa0, 0x00007f44a948ebb0]
Event: 20.280 Thread 0x00007f44b80ba800 nmethod 4470 0x00007f44a94c2d10 code [0x00007f44a94c3020, 0x00007f44a94c5200]
Event: 20.292 Thread 0x00007f44b80ba800 4476   !   4       java.net.URL::<init> (543 bytes)
Event: 20.447 Thread 0x00007f44b80bd000 4484       1       org.apache.tomcat.util.http.MimeHeaderField::getName (5 bytes)
Event: 20.462 Thread 0x00007f44b80bd000 nmethod 4484 0x00007f44a95630d0 code [0x00007f44a9563220, 0x00007f44a9563330]

GC Heap History (10 events):
Event: 5.269 GC heap after
Heap after GC invocations=10 (full 1):
 PSYoungGen      total 128000K, used 7147K [0x00000000eb700000, 0x00000000f6c80000, 0x0000000100000000)
  eden space 120832K, 0% used [0x00000000eb700000,0x00000000eb700000,0x00000000f2d00000)
  from space 7168K, 99% used [0x00000000f2d00000,0x00000000f33faef8,0x00000000f3400000)
  to   space 10752K, 0% used [0x00000000f6200000,0x00000000f6200000,0x00000000f6c80000)
 ParOldGen       total 29184K, used 14055K [0x00000000c2400000, 0x00000000c4080000, 0x00000000eb700000)
  object space 29184K, 48% used [0x00000000c2400000,0x00000000c31b9f60,0x00000000c4080000)
 Metaspace       used 31564K, capacity 32916K, committed 33152K, reserved 1079296K
  class space    used 3949K, capacity 4214K, committed 4224K, reserved 1048576K
}
Event: 5.867 GC heap before
{Heap before GC invocations=11 (full 1):
 PSYoungGen      total 128000K, used 59763K [0x00000000eb700000, 0x00000000f6c80000, 0x0000000100000000)
  eden space 120832K, 43% used [0x00000000eb700000,0x00000000eea61fc8,0x00000000f2d00000)
  from space 7168K, 99% used [0x00000000f2d00000,0x00000000f33faef8,0x00000000f3400000)
  to   space 10752K, 0% used [0x00000000f6200000,0x00000000f6200000,0x00000000f6c80000)
 ParOldGen       total 29184K, used 14055K [0x00000000c2400000, 0x00000000c4080000, 0x00000000eb700000)
  object space 29184K, 48% used [0x00000000c2400000,0x00000000c31b9f60,0x00000000c4080000)
 Metaspace       used 33736K, capacity 35236K, committed 35416K, reserved 1081344K
  class space    used 4206K, capacity 4490K, committed 4608K, reserved 1048576K
Event: 5.912 GC heap after
Heap after GC invocations=11 (full 1):
 PSYoungGen      total 174592K, used 8008K [0x00000000eb700000, 0x00000000f7a00000, 0x0000000100000000)
  eden space 163840K, 0% used [0x00000000eb700000,0x00000000eb700000,0x00000000f5700000)
  from space 10752K, 74% used [0x00000000f6200000,0x00000000f69d2388,0x00000000f6c80000)
  to   space 11264K, 0% used [0x00000000f5700000,0x00000000f5700000,0x00000000f6200000)
 ParOldGen       total 29184K, used 15713K [0x00000000c2400000, 0x00000000c4080000, 0x00000000eb700000)
  object space 29184K, 53% used [0x00000000c2400000,0x00000000c33584e0,0x00000000c4080000)
 Metaspace       used 33736K, capacity 35236K, committed 35416K, reserved 1081344K
  class space    used 4206K, capacity 4490K, committed 4608K, reserved 1048576K
}
Event: 5.912 GC heap before
{Heap before GC invocations=12 (full 2):
 PSYoungGen      total 174592K, used 8008K [0x00000000eb700000, 0x00000000f7a00000, 0x0000000100000000)
  eden space 163840K, 0% used [0x00000000eb700000,0x00000000eb700000,0x00000000f5700000)
  from space 10752K, 74% used [0x00000000f6200000,0x00000000f69d2388,0x00000000f6c80000)
  to   space 11264K, 0% used [0x00000000f5700000,0x00000000f5700000,0x00000000f6200000)
 ParOldGen       total 29184K, used 15713K [0x00000000c2400000, 0x00000000c4080000, 0x00000000eb700000)
  object space 29184K, 53% used [0x00000000c2400000,0x00000000c33584e0,0x00000000c4080000)
 Metaspace       used 33736K, capacity 35236K, committed 35416K, reserved 1081344K
  class space    used 4206K, capacity 4490K, committed 4608K, reserved 1048576K
Event: 6.129 GC heap after
Heap after GC invocations=12 (full 2):
 PSYoungGen      total 174592K, used 0K [0x00000000eb700000, 0x00000000f7a00000, 0x0000000100000000)
  eden space 163840K, 0% used [0x00000000eb700000,0x00000000eb700000,0x00000000f5700000)
  from space 10752K, 0% used [0x00000000f6200000,0x00000000f6200000,0x00000000f6c80000)
  to   space 11264K, 0% used [0x00000000f5700000,0x00000000f5700000,0x00000000f6200000)
 ParOldGen       total 45056K, used 14040K [0x00000000c2400000, 0x00000000c5000000, 0x00000000eb700000)
  object space 45056K, 31% used [0x00000000c2400000,0x00000000c31b6010,0x00000000c5000000)
 Metaspace       used 33736K, capacity 35236K, committed 35416K, reserved 1081344K
  class space    used 4206K, capacity 4490K, committed 4608K, reserved 1048576K
}
Event: 9.998 GC heap before
{Heap before GC invocations=13 (full 2):
 PSYoungGen      total 174592K, used 163840K [0x00000000eb700000, 0x00000000f7a00000, 0x0000000100000000)
  eden space 163840K, 100% used [0x00000000eb700000,0x00000000f5700000,0x00000000f5700000)
  from space 10752K, 0% used [0x00000000f6200000,0x00000000f6200000,0x00000000f6c80000)
  to   space 11264K, 0% used [0x00000000f5700000,0x00000000f5700000,0x00000000f6200000)
 ParOldGen       total 45056K, used 14040K [0x00000000c2400000, 0x00000000c5000000, 0x00000000eb700000)
  object space 45056K, 31% used [0x00000000c2400000,0x00000000c31b6010,0x00000000c5000000)
 Metaspace       used 53309K, capacity 55556K, committed 55680K, reserved 1097728K
  class space    used 7117K, capacity 7514K, committed 7552K, reserved 1048576K
Event: 10.041 GC heap after
Heap after GC invocations=13 (full 2):
 PSYoungGen      total 175104K, used 11253K [0x00000000eb700000, 0x00000000fad80000, 0x0000000100000000)
  eden space 163840K, 0% used [0x00000000eb700000,0x00000000eb700000,0x00000000f5700000)
  from space 11264K, 99% used [0x00000000f5700000,0x00000000f61fd430,0x00000000f6200000)
  to   space 16896K, 0% used [0x00000000f9d00000,0x00000000f9d00000,0x00000000fad80000)
 ParOldGen       total 45056K, used 25128K [0x00000000c2400000, 0x00000000c5000000, 0x00000000eb700000)
  object space 45056K, 55% used [0x00000000c2400000,0x00000000c3c8a330,0x00000000c5000000)
 Metaspace       used 53309K, capacity 55556K, committed 55680K, reserved 1097728K
  class space    used 7117K, capacity 7514K, committed 7552K, reserved 1048576K
}
Event: 20.516 GC heap before
{Heap before GC invocations=14 (full 2):
 PSYoungGen      total 175104K, used 68182K [0x00000000eb700000, 0x00000000fad80000, 0x0000000100000000)
  eden space 163840K, 34% used [0x00000000eb700000,0x00000000eee985c0,0x00000000f5700000)
  from space 11264K, 99% used [0x00000000f5700000,0x00000000f61fd430,0x00000000f6200000)
  to   space 16896K, 0% used [0x00000000f9d00000,0x00000000f9d00000,0x00000000fad80000)
 ParOldGen       total 45056K, used 25128K [0x00000000c2400000, 0x00000000c5000000, 0x00000000eb700000)
  object space 45056K, 55% used [0x00000000c2400000,0x00000000c3c8a330,0x00000000c5000000)
 Metaspace       used 56374K, capacity 58936K, committed 59028K, reserved 1099776K
  class space    used 7532K, capacity 7988K, committed 8064K, reserved 1048576K
Event: 20.675 GC heap after
Heap after GC invocations=14 (full 2):
 PSYoungGen      total 224256K, used 4571K [0x00000000eb700000, 0x00000000fa780000, 0x0000000100000000)
  eden space 213504K, 0% used [0x00000000eb700000,0x00000000eb700000,0x00000000f8780000)
  from space 10752K, 42% used [0x00000000f9d00000,0x00000000fa176e68,0x00000000fa780000)
  to   space 16384K, 0% used [0x00000000f8780000,0x00000000f8780000,0x00000000f9780000)
 ParOldGen       total 45056K, used 31935K [0x00000000c2400000, 0x00000000c5000000, 0x00000000eb700000)
  object space 45056K, 70% used [0x00000000c2400000,0x00000000c432ffd0,0x00000000c5000000)
 Metaspace       used 56374K, capacity 58936K, committed 59028K, reserved 1099776K
  class space    used 7532K, capacity 7988K, committed 8064K, reserved 1048576K
}
Event: 20.688 GC heap before
{Heap before GC invocations=15 (full 3):
 PSYoungGen      total 224256K, used 4571K [0x00000000eb700000, 0x00000000fa780000, 0x0000000100000000)
  eden space 213504K, 0% used [0x00000000eb700000,0x00000000eb700000,0x00000000f8780000)
  from space 10752K, 42% used [0x00000000f9d00000,0x00000000fa176e68,0x00000000fa780000)
  to   space 16384K, 0% used [0x00000000f8780000,0x00000000f8780000,0x00000000f9780000)
 ParOldGen       total 45056K, used 31935K [0x00000000c2400000, 0x00000000c5000000, 0x00000000eb700000)
  object space 45056K, 70% used [0x00000000c2400000,0x00000000c432ffd0,0x00000000c5000000)
 Metaspace       used 56374K, capacity 58936K, committed 59028K, reserved 1099776K
  class space    used 7532K, capacity 7988K, committed 8064K, reserved 1048576K

Deoptimization events (10 events):
Event: 10.059 Thread 0x00007f44b8084000 Uncommon trap: reason=unstable_if action=reinterpret pc=0x00007f44a96f6074 method=java.util.WeakHashMap.remove(Ljava/lang/Object;)Ljava/lang/Object; @ 67
Event: 10.160 Thread 0x00007f44b800e000 Uncommon trap: reason=class_check action=maybe_recompile pc=0x00007f44a9b44a30 method=sun.reflect.generics.reflectiveObjects.TypeVariableImpl.hashCode()I @ 4
Event: 10.160 Thread 0x00007f44b800e000 Uncommon trap: reason=class_check action=maybe_recompile pc=0x00007f44a9b44a30 method=sun.reflect.generics.reflectiveObjects.TypeVariableImpl.hashCode()I @ 4
Event: 10.160 Thread 0x00007f44b800e000 Uncommon trap: reason=class_check action=maybe_recompile pc=0x00007f44a9b44a30 method=sun.reflect.generics.reflectiveObjects.TypeVariableImpl.hashCode()I @ 4
Event: 10.160 Thread 0x00007f44b800e000 Uncommon trap: reason=class_check action=maybe_recompile pc=0x00007f44a9b44a30 method=sun.reflect.generics.reflectiveObjects.TypeVariableImpl.hashCode()I @ 4
Event: 10.163 Thread 0x00007f44b800e000 Uncommon trap: reason=unstable_if action=reinterpret pc=0x00007f44a916aa4c method=java.util.concurrent.ConcurrentHashMap.putVal(Ljava/lang/Object;Ljava/lang/Object;Z)Ljava/lang/Object; @ 331
Event: 10.165 Thread 0x00007f44b800e000 Uncommon trap: reason=unstable_if action=reinterpret pc=0x00007f44a9b26b6c method=java.util.concurrent.ConcurrentHashMap.get(Ljava/lang/Object;)Ljava/lang/Object; @ 86
Event: 10.410 Thread 0x00007f44b800e000 Uncommon trap: reason=unstable_if action=reinterpret pc=0x00007f44a970c0f4 method=java.util.concurrent.ConcurrentHashMap.transfer([Ljava/util/concurrent/ConcurrentHashMap$Node;[Ljava/util/concurrent/ConcurrentHashMap$Node;)V @ 356
Event: 10.411 Thread 0x00007f44b800e000 Uncommon trap: reason=unstable_if action=reinterpret pc=0x00007f44a938d2a4 method=java.util.concurrent.ConcurrentHashMap.transfer([Ljava/util/concurrent/ConcurrentHashMap$Node;[Ljava/util/concurrent/ConcurrentHashMap$Node;)V @ 356
Event: 10.663 Thread 0x00007f44b8d0e800 Uncommon trap: reason=unstable_if action=reinterpret pc=0x00007f44a91a2b50 method=java.net.URLStreamHandler.parseURL(Ljava/net/URL;Ljava/lang/String;II)V @ 57

Classes redefined (0 events):
No events

Internal exceptions (10 events):
Event: 9.904 Thread 0x00007f44b800e000 Exception <a 'java/lang/ClassNotFoundException': org/springframework/boot/autoconfigure/web/servlet/WebMvcAutoConfiguration$EnableWebMvcConfiguration$$EnhancerBySpringCGLIB$$42bed251Customizer> (0x00000000f519f130) thrown at [/build/openjdk-8-OqY7zN/openj
Event: 9.905 Thread 0x00007f44b800e000 Exception <a 'java/lang/ClassNotFoundException': org/springframework/context/annotation/ConfigurationClassEnhancer$EnhancedConfigurationCustomizer> (0x00000000f51dea10) thrown at [/build/openjdk-8-OqY7zN/openjdk-8-8u222-b10/src/hotspot/src/share/vm/classf
Event: 9.906 Thread 0x00007f44b800e000 Exception <a 'java/lang/ClassNotFoundException': org/springframework/beans/factory/BeanFactoryAwareCustomizer> (0x00000000f51f28c8) thrown at [/build/openjdk-8-OqY7zN/openjdk-8-8u222-b10/src/hotspot/src/share/vm/classfile/systemDictionary.cpp, line 210]
Event: 9.906 Thread 0x00007f44b800e000 Exception <a 'java/lang/ClassNotFoundException': org/springframework/beans/factory/AwareCustomizer> (0x00000000f52050f8) thrown at [/build/openjdk-8-OqY7zN/openjdk-8-8u222-b10/src/hotspot/src/share/vm/classfile/systemDictionary.cpp, line 210]
Event: 9.906 Thread 0x00007f44b800e000 Exception <a 'java/lang/ClassNotFoundException': org/springframework/context/ResourceLoaderAwareCustomizer> (0x00000000f5217fc0) thrown at [/build/openjdk-8-OqY7zN/openjdk-8-8u222-b10/src/hotspot/src/share/vm/classfile/systemDictionary.cpp, line 210]
Event: 9.906 Thread 0x00007f44b800e000 Exception <a 'java/lang/ClassNotFoundException': org/springframework/beans/factory/AwareCustomizer> (0x00000000f522a2e8) thrown at [/build/openjdk-8-OqY7zN/openjdk-8-8u222-b10/src/hotspot/src/share/vm/classfile/systemDictionary.cpp, line 210]
Event: 9.907 Thread 0x00007f44b800e000 Exception <a 'java/lang/ClassNotFoundException': org/springframework/context/ApplicationContextAwareCustomizer> (0x00000000f523e4b8) thrown at [/build/openjdk-8-OqY7zN/openjdk-8-8u222-b10/src/hotspot/src/share/vm/classfile/systemDictionary.cpp, line 210]
Event: 9.907 Thread 0x00007f44b800e000 Exception <a 'java/lang/ClassNotFoundException': org/springframework/beans/factory/AwareCustomizer> (0x00000000f5250de8) thrown at [/build/openjdk-8-OqY7zN/openjdk-8-8u222-b10/src/hotspot/src/share/vm/classfile/systemDictionary.cpp, line 210]
Event: 9.907 Thread 0x00007f44b800e000 Exception <a 'java/lang/ClassNotFoundException': org/springframework/web/context/ServletContextAwareCustomizer> (0x00000000f5264fa0) thrown at [/build/openjdk-8-OqY7zN/openjdk-8-8u222-b10/src/hotspot/src/share/vm/classfile/systemDictionary.cpp, line 210]
Event: 9.908 Thread 0x00007f44b800e000 Exception <a 'java/lang/ClassNotFoundException': org/springframework/beans/factory/AwareCustomizer> (0x00000000f5277340) thrown at [/build/openjdk-8-OqY7zN/openjdk-8-8u222-b10/src/hotspot/src/share/vm/classfile/systemDictionary.cpp, line 210]

Events (10 events):
Event: 20.508 Executing VM operation: RevokeBias done
Event: 20.508 Executing VM operation: RevokeBias
Event: 20.508 Executing VM operation: RevokeBias done
Event: 20.508 loading class org/springframework/web/method/ControllerAdviceBean
Event: 20.508 loading class org/springframework/web/method/ControllerAdviceBean done
Event: 20.508 loading class org/springframework/web/servlet/mvc/method/annotation/RequestMappingHandlerAdapter
Event: 20.508 loading class org/springframework/web/servlet/mvc/method/annotation/RequestMappingHandlerAdapter done
Event: 20.509 loading class org/springframework/web/bind/support/WebRequestDataBinder
Event: 20.509 loading class org/springframework/web/bind/support/WebRequestDataBinder done
Event: 20.512 Executing VM operation: CollectForMetadataAllocation


Dynamic libraries:
c2400000-c5000000 rw-p 00000000 00:00 0 
c6380000-eb700000 ---p 00000000 00:00 0 
eb700000-fa780000 rw-p 00000000 00:00 0 
fa780000-100000000 ---p 00000000 00:00 0 
100000000-1007e0000 rw-p 00000000 00:00 0 
1007e0000-140000000 ---p 00000000 00:00 0 
55b29ac1b000-55b29ac1c000 r-xp 00000000 fc:01 3110439                    /usr/lib/jvm/java-8-openjdk-amd64/jre/bin/java
55b29ae1b000-55b29ae1c000 r--p 00000000 fc:01 3110439                    /usr/lib/jvm/java-8-openjdk-amd64/jre/bin/java
55b29ae1c000-55b29ae1d000 rw-p 00001000 fc:01 3110439                    /usr/lib/jvm/java-8-openjdk-amd64/jre/bin/java
55b29bc4e000-55b29bc6f000 rw-p 00000000 00:00 0                          [heap]
7f4468000000-7f4468021000 rw-p 00000000 00:00 0 
7f4468021000-7f446c000000 ---p 00000000 00:00 0 
7f446ebf4000-7f446ebf7000 ---p 00000000 00:00 0 
7f446ebf7000-7f446ecf5000 rw-p 00000000 00:00 0 
7f446ecf5000-7f446ecf8000 ---p 00000000 00:00 0 
7f446ecf8000-7f446edf6000 rw-p 00000000 00:00 0 
7f446edf6000-7f446edf9000 ---p 00000000 00:00 0 
7f446edf9000-7f446eef7000 rw-p 00000000 00:00 0 
7f446eef7000-7f446eefa000 ---p 00000000 00:00 0 
7f446eefa000-7f446eff8000 rw-p 00000000 00:00 0 
7f446eff8000-7f446effb000 ---p 00000000 00:00 0 
7f446effb000-7f446f0f9000 rw-p 00000000 00:00 0 
7f446f0f9000-7f446f0fc000 ---p 00000000 00:00 0 
7f446f0fc000-7f446f1fa000 rw-p 00000000 00:00 0 
7f446f1fa000-7f446f1fd000 ---p 00000000 00:00 0 
7f446f1fd000-7f446f2fb000 rw-p 00000000 00:00 0 
7f446f2fb000-7f446f2fe000 ---p 00000000 00:00 0 
7f446f2fe000-7f446f3fc000 rw-p 00000000 00:00 0 
7f446f3fc000-7f446f3ff000 ---p 00000000 00:00 0 
7f446f3ff000-7f446f4fd000 rw-p 00000000 00:00 0 
7f446f4fd000-7f446f500000 ---p 00000000 00:00 0 
7f446f500000-7f446f5fe000 rw-p 00000000 00:00 0 
7f446f5fe000-7f446f601000 ---p 00000000 00:00 0 
7f446f601000-7f446f6ff000 rw-p 00000000 00:00 0 
7f446f6ff000-7f446f702000 ---p 00000000 00:00 0 
7f446f702000-7f446f9c5000 rw-p 00000000 00:00 0 
7f446f9c5000-7f446fa00000 ---p 00000000 00:00 0 
7f446fa00000-7f446fc00000 rw-p 00000000 00:00 0 
7f446fc00000-7f446fe00000 rw-p 00000000 00:00 0 
7f446fe00000-7f4470000000 rw-p 00000000 00:00 0 
7f4470000000-7f447006a000 rw-p 00000000 00:00 0 
7f447006a000-7f4474000000 ---p 00000000 00:00 0 
7f4474000000-7f4474021000 rw-p 00000000 00:00 0 
7f4474021000-7f4478000000 ---p 00000000 00:00 0 
7f4478000000-7f4478021000 rw-p 00000000 00:00 0 
7f4478021000-7f447c000000 ---p 00000000 00:00 0 
7f447c000000-7f447c416000 rw-p 00000000 00:00 0 
7f447c416000-7f4480000000 ---p 00000000 00:00 0 
7f4480000000-7f4480e97000 rw-p 00000000 00:00 0 
7f4480e97000-7f4484000000 ---p 00000000 00:00 0 
7f4484000000-7f4484021000 rw-p 00000000 00:00 0 
7f4484021000-7f4488000000 ---p 00000000 00:00 0 
7f4488000000-7f4488021000 rw-p 00000000 00:00 0 
7f4488021000-7f448c000000 ---p 00000000 00:00 0 
7f448c000000-7f448da16000 rw-p 00000000 00:00 0 
7f448da16000-7f4490000000 ---p 00000000 00:00 0 
7f4490000000-7f4490021000 rw-p 00000000 00:00 0 
7f4490021000-7f4494000000 ---p 00000000 00:00 0 
7f4494000000-7f4494021000 rw-p 00000000 00:00 0 
7f4494021000-7f4498000000 ---p 00000000 00:00 0 
7f4498000000-7f4498023000 rw-p 00000000 00:00 0 
7f4498023000-7f449c000000 ---p 00000000 00:00 0 
7f449c000000-7f449c024000 rw-p 00000000 00:00 0 
7f449c024000-7f44a0000000 ---p 00000000 00:00 0 
7f44a005d000-7f44a0060000 ---p 00000000 00:00 0 
7f44a0060000-7f44a035e000 rw-p 00000000 00:00 0 
7f44a035e000-7f44a055e000 rw-p 00000000 00:00 0 
7f44a055e000-7f44a075e000 rw-p 00000000 00:00 0 
7f44a075e000-7f44a095e000 rw-p 00000000 00:00 0 
7f44a095e000-7f44a0961000 ---p 00000000 00:00 0 
7f44a0961000-7f44a0c5f000 rw-p 00000000 00:00 0 
7f44a0c5f000-7f44a0c62000 ---p 00000000 00:00 0 
7f44a0c62000-7f44a0d60000 rw-p 00000000 00:00 0 
7f44a0e53000-7f44a1053000 rw-p 00000000 00:00 0 
7f44a1053000-7f44a1056000 ---p 00000000 00:00 0 
7f44a1056000-7f44a1154000 rw-p 00000000 00:00 0 
7f44a1154000-7f44a1159000 r--s 002f9000 fc:01 3110490                    /usr/lib/jvm/java-8-openjdk-amd64/jre/lib/charsets.jar
7f44a1159000-7f44a115c000 ---p 00000000 00:00 0 
7f44a115c000-7f44a145a000 rw-p 00000000 00:00 0 
7f44a145a000-7f44a145f000 r--s 000a3000 fc:01 3110519                    /usr/lib/jvm/java-8-openjdk-amd64/jre/lib/jsse.jar
7f44a145f000-7f44a165f000 rw-p 00000000 00:00 0 
7f44a165f000-7f44a185f000 rw-p 00000000 00:00 0 
7f44a185f000-7f44a1a5f000 rw-p 00000000 00:00 0 
7f44a1a5f000-7f44a1c5f000 rw-p 00000000 00:00 0 
7f44a1c5f000-7f44a1e5f000 rw-p 00000000 00:00 0 
7f44a1e5f000-7f44a1e62000 ---p 00000000 00:00 0 
7f44a1e62000-7f44a1f60000 rw-p 00000000 00:00 0 
7f44a1f60000-7f44a1f71000 r-xp 00000000 fc:01 3110480                    /usr/lib/jvm/java-8-openjdk-amd64/jre/lib/amd64/libnio.so
7f44a1f71000-7f44a2170000 ---p 00011000 fc:01 3110480                    /usr/lib/jvm/java-8-openjdk-amd64/jre/lib/amd64/libnio.so
7f44a2170000-7f44a2171000 r--p 00010000 fc:01 3110480                    /usr/lib/jvm/java-8-openjdk-amd64/jre/lib/amd64/libnio.so
7f44a2171000-7f44a2172000 rw-p 00011000 fc:01 3110480                    /usr/lib/jvm/java-8-openjdk-amd64/jre/lib/amd64/libnio.so
7f44a2172000-7f44a2372000 rw-p 00000000 00:00 0 
7f44a2372000-7f44a2572000 rw-p 00000000 00:00 0 
7f44a2572000-7f44a2772000 rw-p 00000000 00:00 0 
7f44a2772000-7f44a2972000 rw-p 00000000 00:00 0 
7f44a2972000-7f44a2988000 r-xp 00000000 fc:01 3110479                    /usr/lib/jvm/java-8-openjdk-amd64/jre/lib/amd64/libnet.so
7f44a2988000-7f44a2b87000 ---p 00016000 fc:01 3110479                    /usr/lib/jvm/java-8-openjdk-amd64/jre/lib/amd64/libnet.so
7f44a2b87000-7f44a2b88000 r--p 00015000 fc:01 3110479                    /usr/lib/jvm/java-8-openjdk-amd64/jre/lib/amd64/libnet.so
7f44a2b88000-7f44a2b89000 rw-p 00016000 fc:01 3110479                    /usr/lib/jvm/java-8-openjdk-amd64/jre/lib/amd64/libnet.so
7f44a2b89000-7f44a2b92000 r-xp 00000000 fc:01 3110477                    /usr/lib/jvm/java-8-openjdk-amd64/jre/lib/amd64/libmanagement.so
7f44a2b92000-7f44a2d91000 ---p 00009000 fc:01 3110477                    /usr/lib/jvm/java-8-openjdk-amd64/jre/lib/amd64/libmanagement.so
7f44a2d91000-7f44a2d92000 r--p 00008000 fc:01 3110477                    /usr/lib/jvm/java-8-openjdk-amd64/jre/lib/amd64/libmanagement.so
7f44a2d92000-7f44a2d93000 rw-p 00009000 fc:01 3110477                    /usr/lib/jvm/java-8-openjdk-amd64/jre/lib/amd64/libmanagement.so
7f44a2d93000-7f44a2f93000 rw-p 00000000 00:00 0 
7f44a2f93000-7f44a2f96000 ---p 00000000 00:00 0 
7f44a2f96000-7f44a3094000 rw-p 00000000 00:00 0 
7f44a3094000-7f44a3095000 r--s 00005000 fc:01 4132270                    /root/.m2/repository/org/springframework/spring-jcl/5.1.9.RELEASE/spring-jcl-5.1.9.RELEASE.jar
7f44a3095000-7f44a30ae000 r--s 00123000 fc:01 4132268                    /root/.m2/repository/org/springframework/spring-core/5.1.9.RELEASE/spring-core-5.1.9.RELEASE.jar
7f44a30ae000-7f44a30c6000 r--s 0021f000 fc:01 4917982                    /root/.m2/repository/mysql/mysql-connector-java/8.0.17/mysql-connector-java-8.0.17.jar
7f44a30c6000-7f44a30cb000 r--s 00040000 fc:01 4132264                    /root/.m2/repository/org/springframework/spring-expression/5.1.9.RELEASE/spring-expression-5.1.9.RELEASE.jar
7f44a30cb000-7f44a30da000 r--s 000b5000 fc:01 4132256                    /root/.m2/repository/org/springframework/spring-webmvc/5.1.9.RELEASE/spring-webmvc-5.1.9.RELEASE.jar
7f44a30da000-7f44a30f6000 r--s 00137000 fc:01 4132266                    /root/.m2/repository/org/springframework/spring-web/5.1.9.RELEASE/spring-web-5.1.9.RELEASE.jar
7f44a30f6000-7f44a30fb000 r--s 00012000 fc:01 4917980                    /root/.m2/repository/javax/validation/validation-api/2.0.1.Final/validation-api-2.0.1.Final.jar
7f44a30fb000-7f44a3118000 r--s 000fe000 fc:01 4917978                    /root/.m2/repository/org/hibernate/validator/hibernate-validator/6.0.17.Final/hibernate-validator-6.0.17.Final.jar
7f44a3118000-7f44a311d000 r--s 0003c000 fc:01 4917976                    /root/.m2/repository/org/apache/tomcat/embed/tomcat-embed-websocket/9.0.22/tomcat-embed-websocket-9.0.22.jar
7f44a311d000-7f44a3122000 r--s 00039000 fc:01 4917974                    /root/.m2/repository/org/apache/tomcat/embed/tomcat-embed-el/9.0.22/tomcat-embed-el-9.0.22.jar
7f44a3122000-7f44a314d000 r--s 00307000 fc:01 4917972                    /root/.m2/repository/org/apache/tomcat/embed/tomcat-embed-core/9.0.22/tomcat-embed-core-9.0.22.jar
7f44a314d000-7f44a314e000 r--s 00000000 fc:01 4917970                    /root/.m2/repository/org/springframework/boot/spring-boot-starter-tomcat/2.1.7.RELEASE/spring-boot-starter-tomcat-2.1.7.RELEASE.jar
7f44a314e000-7f44a3150000 r--s 00001000 fc:01 4917968                    /root/.m2/repository/com/fasterxml/jackson/module/jackson-module-parameter-names/2.9.9/jackson-module-parameter-names-2.9.9.jar
7f44a3150000-7f44a3153000 r--s 00016000 fc:01 4917966                    /root/.m2/repository/com/fasterxml/jackson/datatype/jackson-datatype-jsr310/2.9.9/jackson-datatype-jsr310-2.9.9.jar
7f44a3153000-7f44a3155000 r--s 00007000 fc:01 4917964                    /root/.m2/repository/com/fasterxml/jackson/datatype/jackson-datatype-jdk8/2.9.9/jackson-datatype-jdk8-2.9.9.jar
7f44a3155000-7f44a3159000 r--s 0004c000 fc:01 4917962                    /root/.m2/repository/com/fasterxml/jackson/core/jackson-core/2.9.9/jackson-core-2.9.9.jar
7f44a3159000-7f44a315c000 r--s 0000e000 fc:01 4917960                    /root/.m2/repository/com/fasterxml/jackson/core/jackson-annotations/2.9.0/jackson-annotations-2.9.0.jar
7f44a315c000-7f44a316f000 r--s 00137000 fc:01 4917958                    /root/.m2/repository/com/fasterxml/jackson/core/jackson-databind/2.9.9/jackson-databind-2.9.9.jar
7f44a316f000-7f44a3170000 r--s 00000000 fc:01 4917956                    /root/.m2/repository/org/springframework/boot/spring-boot-starter-json/2.1.7.RELEASE/spring-boot-starter-json-2.1.7.RELEASE.jar
7f44a3170000-7f44a3177000 r--s 00043000 fc:01 4917954                    /root/.m2/repository/org/yaml/snakeyaml/1.23/snakeyaml-1.23.jar
7f44a3177000-7f44a3179000 r--s 00005000 fc:01 4917952                    /root/.m2/repository/javax/annotation/javax.annotation-api/1.3.2/javax.annotation-api-1.3.2.jar
7f44a3179000-7f44a317b000 r--s 00000000 fc:01 4917950                    /root/.m2/repository/org/slf4j/jul-to-slf4j/1.7.26/jul-to-slf4j-1.7.26.jar
7f44a317b000-7f44a3181000 r--s 0003c000 fc:01 4917948                    /root/.m2/repository/org/apache/logging/log4j/log4j-api/2.11.2/log4j-api-2.11.2.jar
7f44a3181000-7f44a3183000 r--s 00003000 fc:01 4917946                    /root/.m2/repository/org/apache/logging/log4j/log4j-to-slf4j/2.11.2/log4j-to-slf4j-2.11.2.jar
7f44a3183000-7f44a318e000 r--s 00069000 fc:01 4917944                    /root/.m2/repository/ch/qos/logback/logback-core/1.2.3/logback-core-1.2.3.jar
7f44a318e000-7f44a3194000 r--s 00041000 fc:01 4917942                    /root/.m2/repository/ch/qos/logback/logback-classic/1.2.3/logback-classic-1.2.3.jar
7f44a3194000-7f44a3195000 r--s 00000000 fc:01 4917940                    /root/.m2/repository/org/springframework/boot/spring-boot-starter-logging/2.1.7.RELEASE/spring-boot-starter-logging-2.1.7.RELEASE.jar
7f44a3195000-7f44a31b9000 r--s 00112000 fc:01 4917938                    /root/.m2/repository/org/springframework/boot/spring-boot-autoconfigure/2.1.7.RELEASE/spring-boot-autoconfigure-2.1.7.RELEASE.jar
7f44a31b9000-7f44a31ce000 r--s 000d5000 fc:01 4917936                    /root/.m2/repository/org/springframework/boot/spring-boot/2.1.7.RELEASE/spring-boot-2.1.7.RELEASE.jar
7f44a31ce000-7f44a31cf000 r--s 00000000 fc:01 4917934                    /root/.m2/repository/org/springframework/boot/spring-boot-starter/2.1.7.RELEASE/spring-boot-starter-2.1.7.RELEASE.jar
7f44a31cf000-7f44a31d1000 r--s 0000a000 fc:01 4917930                    /root/.m2/repository/org/springframework/spring-aspects/5.1.9.RELEASE/spring-aspects-5.1.9.RELEASE.jar
7f44a31d1000-7f44a31d3000 r--s 00009000 fc:01 4653244                    /root/.m2/repository/org/slf4j/slf4j-api/1.7.26/slf4j-api-1.7.26.jar
7f44a31d3000-7f44a31df000 r--s 00099000 fc:01 4132260                    /root/.m2/repository/org/springframework/spring-beans/5.1.9.RELEASE/spring-beans-5.1.9.RELEASE.jar
7f44a31df000-7f44a31e7000 r--s 00037000 fc:01 4132326                    /root/.m2/repository/org/springframework/spring-tx/5.1.9.RELEASE/spring-tx-5.1.9.RELEASE.jar
7f44a31e7000-7f44a3201000 r--s 000f4000 fc:01 4132262                    /root/.m2/repository/org/springframework/spring-context/5.1.9.RELEASE/spring-context-5.1.9.RELEASE.jar
7f44a3201000-7f44a3205000 r--s 0002d000 fc:01 4132328                    /root/.m2/repository/org/springframework/spring-orm/5.1.9.RELEASE/spring-orm-5.1.9.RELEASE.jar
7f44a3205000-7f44a321e000 r--s 00107000 fc:01 4917928                    /root/.m2/repository/org/springframework/data/spring-data-commons/2.1.10.RELEASE/spring-data-commons-2.1.10.RELEASE.jar
7f44a321e000-7f44a3266000 r--s 002de000 fc:01 4917920                    /root/.m2/repository/net/bytebuddy/byte-buddy/1.9.16/byte-buddy-1.9.16.jar
7f44a3266000-7f44a32e8000 r--s 00627000 fc:01 4917916                    /root/.m2/repository/org/hibernate/hibernate-core/5.3.10.Final/hibernate-core-5.3.10.Final.jar
7f44a32e8000-7f44a32e9000 ---p 00000000 00:00 0 
7f44a32e9000-7f44a33e9000 rw-p 00000000 00:00 0 
7f44a33e9000-7f44a33ec000 ---p 00000000 00:00 0 
7f44a33ec000-7f44a34ea000 rw-p 00000000 00:00 0 
7f44a34ea000-7f44a34eb000 ---p 00000000 00:00 0 
7f44a34eb000-7f44a34ee000 ---p 00000000 00:00 0 
7f44a34ee000-7f44a35eb000 rw-p 00000000 00:00 0 
7f44a35eb000-7f44a35ec000 ---p 00000000 00:00 0 
7f44a35ec000-7f44a35ef000 ---p 00000000 00:00 0 
7f44a35ef000-7f44a36ec000 rw-p 00000000 00:00 0 
7f44a36ec000-7f44a36ef000 ---p 00000000 00:00 0 
7f44a36ef000-7f44a37ed000 rw-p 00000000 00:00 0 
7f44a37ed000-7f44a3960000 r--p 00000000 fc:01 7808                       /usr/lib/locale/C.UTF-8/LC_COLLATE
7f44a3960000-7f44a3afb000 r--p 00000000 fc:01 7803                       /usr/lib/locale/locale-archive
7f44a3afb000-7f44a3afe000 ---p 00000000 00:00 0 
7f44a3afe000-7f44a3bfc000 rw-p 00000000 00:00 0 
7f44a3bfc000-7f44a3bff000 ---p 00000000 00:00 0 
7f44a3bff000-7f44a3cfd000 rw-p 00000000 00:00 0 
7f44a3cfd000-7f44a3cfe000 ---p 00000000 00:00 0 
7f44a3cfe000-7f44a4000000 rw-p 00000000 00:00 0 
7f44a4000000-7f44a4053000 rw-p 00000000 00:00 0 
7f44a4053000-7f44a8000000 ---p 00000000 00:00 0 
7f44a8000000-7f44a8001000 r--s 00000000 fc:01 4917932                    /root/.m2/repository/org/springframework/boot/spring-boot-starter-web/2.1.7.RELEASE/spring-boot-starter-web-2.1.7.RELEASE.jar
7f44a8001000-7f44a800a000 r--s 00050000 fc:01 4917926                    /root/.m2/repository/org/springframework/data/spring-data-jpa/2.1.10.RELEASE/spring-data-jpa-2.1.10.RELEASE.jar
7f44a800a000-7f44a800d000 r--s 00010000 fc:01 4917924                    /root/.m2/repository/org/hibernate/common/hibernate-commons-annotations/5.0.4.Final/hibernate-commons-annotations-5.0.4.Final.jar
7f44a800d000-7f44a8012000 r--s 0004b000 fc:01 4132308                    /root/.m2/repository/org/dom4j/dom4j/2.1.1/dom4j-2.1.1.jar
7f44a8012000-7f44a8014000 r--s 0000f000 fc:01 4917922                    /root/.m2/repository/com/fasterxml/classmate/1.4.0/classmate-1.4.0.jar
7f44a8014000-7f44a8017000 r--s 0002b000 fc:01 4132302                    /root/.m2/repository/org/jboss/jandex/2.0.5.Final/jandex-2.0.5.Final.jar
7f44a8017000-7f44a801c000 r--s 00068000 fc:01 3622964                    /root/.m2/repository/antlr/antlr/2.7.7/antlr-2.7.7.jar
7f44a801c000-7f44a8027000 r--s 000b2000 fc:01 4917918                    /root/.m2/repository/org/javassist/javassist/3.23.2-GA/javassist-3.23.2-GA.jar
7f44a8027000-7f44a802d000 r--s 00023000 fc:01 4132294                    /root/.m2/repository/javax/persistence/javax.persistence-api/2.2/javax.persistence-api-2.2.jar
7f44a802d000-7f44a802f000 r--s 0000f000 fc:01 4132292                    /root/.m2/repository/org/jboss/logging/jboss-logging/3.3.2.Final/jboss-logging-3.3.2.Final.jar
7f44a802f000-7f44a8031000 r--s 0000c000 fc:01 4132306                    /root/.m2/repository/javax/activation/javax.activation-api/1.2.0/javax.activation-api-1.2.0.jar
7f44a8031000-7f44a8035000 r--s 0001c000 fc:01 4132312                    /root/.m2/repository/javax/xml/bind/jaxb-api/2.3.1/jaxb-api-2.3.1.jar
7f44a8035000-7f44a8036000 r--s 00006000 fc:01 4917914                    /root/.m2/repository/javax/transaction/javax.transaction-api/1.3/javax.transaction-api-1.3.jar
7f44a8036000-7f44a803f000 r--s 0005a000 fc:01 4132330                    /root/.m2/repository/org/springframework/spring-jdbc/5.1.9.RELEASE/spring-jdbc-5.1.9.RELEASE.jar
7f44a803f000-7f44a8043000 r--s 00020000 fc:01 4917912                    /root/.m2/repository/com/zaxxer/HikariCP/3.2.0/HikariCP-3.2.0.jar
7f44a8043000-7f44a8044000 r--s 00000000 fc:01 4917910                    /root/.m2/repository/org/springframework/boot/spring-boot-starter-jdbc/2.1.7.RELEASE/spring-boot-starter-jdbc-2.1.7.RELEASE.jar
7f44a8044000-7f44a805d000 r--s 001da000 fc:01 4917908                    /root/.m2/repository/org/aspectj/aspectjweaver/1.9.4/aspectjweaver-1.9.4.jar
7f44a805d000-7f44a8067000 r--s 00051000 fc:01 4132258                    /root/.m2/repository/org/springframework/spring-aop/5.1.9.RELEASE/spring-aop-5.1.9.RELEASE.jar
7f44a8067000-7f44a8068000 r--s 00000000 fc:01 4917906                    /root/.m2/repository/org/springframework/boot/spring-boot-starter-aop/2.1.7.RELEASE/spring-boot-starter-aop-2.1.7.RELEASE.jar
7f44a8068000-7f44a8069000 r--s 00000000 fc:01 4917904                    /root/.m2/repository/org/springframework/boot/spring-boot-starter-data-jpa/2.1.7.RELEASE/spring-boot-starter-data-jpa-2.1.7.RELEASE.jar
7f44a8069000-7f44a806b000 r--s 00001000 fc:01 3110499                    /usr/lib/jvm/java-8-openjdk-amd64/jre/lib/ext/dnsns.jar
7f44a806b000-7f44a806c000 r--s 0000d000 fc:01 3110504                    /usr/lib/jvm/java-8-openjdk-amd64/jre/lib/ext/sunec.jar
7f44a806c000-7f44a8071000 r--s 0003c000 fc:01 3110505                    /usr/lib/jvm/java-8-openjdk-amd64/jre/lib/ext/sunjce_provider.jar
7f44a8071000-7f44a808c000 r--s 001d6000 fc:01 3110503                    /usr/lib/jvm/java-8-openjdk-amd64/jre/lib/ext/nashorn.jar
7f44a808c000-7f44a80a7000 r--s 00394000 fc:01 3110498                    /usr/lib/jvm/java-8-openjdk-amd64/jre/lib/ext/cldrdata.jar
7f44a80a7000-7f44a80d8000 r--p 00000000 fc:01 7809                       /usr/lib/locale/C.UTF-8/LC_CTYPE
7f44a80d8000-7f44a9000000 rw-p 00000000 00:00 0 
7f44a9000000-7f44a9d60000 rwxp 00000000 00:00 0 
7f44a9d60000-7f44b8000000 ---p 00000000 00:00 0 
7f44b8000000-7f44b95eb000 rw-p 00000000 00:00 0 
7f44b95eb000-7f44bc000000 ---p 00000000 00:00 0 
7f44bc000000-7f44bc001000 r--s 00010000 fc:01 3110507                    /usr/lib/jvm/java-8-openjdk-amd64/jre/lib/ext/zipfs.jar
7f44bc001000-7f44bc00b000 r--s 00116000 fc:01 3110502                    /usr/lib/jvm/java-8-openjdk-amd64/jre/lib/ext/localedata.jar
7f44bc00b000-7f44bc00c000 r--s 0000a000 fc:01 3110501                    /usr/lib/jvm/java-8-openjdk-amd64/jre/lib/ext/jaccess.jar
7f44bc00c000-7f44bc00e000 r--s 00007000 fc:01 79599                      /usr/share/java/java-atk-wrapper.jar
7f44bc00e000-7f44bc011000 r--s 00039000 fc:01 3110506                    /usr/lib/jvm/java-8-openjdk-amd64/jre/lib/ext/sunpkcs11.jar
7f44bc011000-7f44bc014000 r--s 0000f000 fc:01 3110500                    /usr/lib/jvm/java-8-openjdk-amd64/jre/lib/ext/icedtea-sound.jar
7f44bc014000-7f44bc015000 r--p 00000000 fc:01 7814                       /usr/lib/locale/C.UTF-8/LC_NUMERIC
7f44bc015000-7f44bc016000 r--p 00000000 fc:01 7817                       /usr/lib/locale/C.UTF-8/LC_TIME
7f44bc016000-7f44bc017000 r--p 00000000 fc:01 7812                       /usr/lib/locale/C.UTF-8/LC_MONETARY
7f44bc017000-7f44bc018000 r--p 00000000 fc:01 7806                       /usr/lib/locale/C.UTF-8/LC_MESSAGES/SYS_LC_MESSAGES
7f44bc018000-7f44bc019000 r--p 00000000 fc:01 7815                       /usr/lib/locale/C.UTF-8/LC_PAPER
7f44bc019000-7f44bc05b000 rw-p 00000000 00:00 0 
7f44bc05b000-7f44bc22b000 r--s 03c5c000 fc:01 3110524                    /usr/lib/jvm/java-8-openjdk-amd64/jre/lib/rt.jar
7f44bc22b000-7f44be36f000 rw-p 00000000 00:00 0 
7f44be36f000-7f44be370000 ---p 00000000 00:00 0 
7f44be370000-7f44be470000 rw-p 00000000 00:00 0 
7f44be470000-7f44be471000 ---p 00000000 00:00 0 
7f44be471000-7f44be587000 rw-p 00000000 00:00 0 
7f44be587000-7f44be6bb000 ---p 00000000 00:00 0 
7f44be6bb000-7f44be6d1000 rw-p 00000000 00:00 0 
7f44be6d1000-7f44be804000 ---p 00000000 00:00 0 
7f44be804000-7f44be87d000 rw-p 00000000 00:00 0 
7f44be87d000-7f44be8a9000 ---p 00000000 00:00 0 
7f44be8a9000-7f44be8e0000 rw-p 00000000 00:00 0 
7f44be8e0000-7f44bec6a000 ---p 00000000 00:00 0 
7f44bec6a000-7f44bec72000 r-xp 00000000 fc:01 3110487                    /usr/lib/jvm/java-8-openjdk-amd64/jre/lib/amd64/libzip.so
7f44bec72000-7f44bee71000 ---p 00008000 fc:01 3110487                    /usr/lib/jvm/java-8-openjdk-amd64/jre/lib/amd64/libzip.so
7f44bee71000-7f44bee72000 r--p 00007000 fc:01 3110487                    /usr/lib/jvm/java-8-openjdk-amd64/jre/lib/amd64/libzip.so
7f44bee72000-7f44bee73000 rw-p 00008000 fc:01 3110487                    /usr/lib/jvm/java-8-openjdk-amd64/jre/lib/amd64/libzip.so
7f44bee73000-7f44bee7e000 r-xp 00000000 fc:01 2095                       /lib/x86_64-linux-gnu/libnss_files-2.27.so
7f44bee7e000-7f44bf07d000 ---p 0000b000 fc:01 2095                       /lib/x86_64-linux-gnu/libnss_files-2.27.so
7f44bf07d000-7f44bf07e000 r--p 0000a000 fc:01 2095                       /lib/x86_64-linux-gnu/libnss_files-2.27.so
7f44bf07e000-7f44bf07f000 rw-p 0000b000 fc:01 2095                       /lib/x86_64-linux-gnu/libnss_files-2.27.so
7f44bf07f000-7f44bf085000 rw-p 00000000 00:00 0 
7f44bf085000-7f44bf09c000 r-xp 00000000 fc:01 2092                       /lib/x86_64-linux-gnu/libnsl-2.27.so
7f44bf09c000-7f44bf29b000 ---p 00017000 fc:01 2092                       /lib/x86_64-linux-gnu/libnsl-2.27.so
7f44bf29b000-7f44bf29c000 r--p 00016000 fc:01 2092                       /lib/x86_64-linux-gnu/libnsl-2.27.so
7f44bf29c000-7f44bf29d000 rw-p 00017000 fc:01 2092                       /lib/x86_64-linux-gnu/libnsl-2.27.so
7f44bf29d000-7f44bf29f000 rw-p 00000000 00:00 0 
7f44bf29f000-7f44bf2aa000 r-xp 00000000 fc:01 2097                       /lib/x86_64-linux-gnu/libnss_nis-2.27.so
7f44bf2aa000-7f44bf4a9000 ---p 0000b000 fc:01 2097                       /lib/x86_64-linux-gnu/libnss_nis-2.27.so
7f44bf4a9000-7f44bf4aa000 r--p 0000a000 fc:01 2097                       /lib/x86_64-linux-gnu/libnss_nis-2.27.so
7f44bf4aa000-7f44bf4ab000 rw-p 0000b000 fc:01 2097                       /lib/x86_64-linux-gnu/libnss_nis-2.27.so
7f44bf4ab000-7f44bf4b3000 r-xp 00000000 fc:01 2093                       /lib/x86_64-linux-gnu/libnss_compat-2.27.so
7f44bf4b3000-7f44bf6b3000 ---p 00008000 fc:01 2093                       /lib/x86_64-linux-gnu/libnss_compat-2.27.so
7f44bf6b3000-7f44bf6b4000 r--p 00008000 fc:01 2093                       /lib/x86_64-linux-gnu/libnss_compat-2.27.so
7f44bf6b4000-7f44bf6b5000 rw-p 00009000 fc:01 2093                       /lib/x86_64-linux-gnu/libnss_compat-2.27.so
7f44bf6b5000-7f44bf6df000 r-xp 00000000 fc:01 3110468                    /usr/lib/jvm/java-8-openjdk-amd64/jre/lib/amd64/libjava.so
7f44bf6df000-7f44bf8de000 ---p 0002a000 fc:01 3110468                    /usr/lib/jvm/java-8-openjdk-amd64/jre/lib/amd64/libjava.so
7f44bf8de000-7f44bf8df000 r--p 00029000 fc:01 3110468                    /usr/lib/jvm/java-8-openjdk-amd64/jre/lib/amd64/libjava.so
7f44bf8df000-7f44bf8e1000 rw-p 0002a000 fc:01 3110468                    /usr/lib/jvm/java-8-openjdk-amd64/jre/lib/amd64/libjava.so
7f44bf8e1000-7f44bf8f1000 r-xp 00000000 fc:01 3110486                    /usr/lib/jvm/java-8-openjdk-amd64/jre/lib/amd64/libverify.so
7f44bf8f1000-7f44bfaf0000 ---p 00010000 fc:01 3110486                    /usr/lib/jvm/java-8-openjdk-amd64/jre/lib/amd64/libverify.so
7f44bfaf0000-7f44bfaf2000 r--p 0000f000 fc:01 3110486                    /usr/lib/jvm/java-8-openjdk-amd64/jre/lib/amd64/libverify.so
7f44bfaf2000-7f44bfaf3000 rw-p 00011000 fc:01 3110486                    /usr/lib/jvm/java-8-openjdk-amd64/jre/lib/amd64/libverify.so
7f44bfaf3000-7f44bfafa000 r-xp 00000000 fc:01 2181                       /lib/x86_64-linux-gnu/librt-2.27.so
7f44bfafa000-7f44bfcf9000 ---p 00007000 fc:01 2181                       /lib/x86_64-linux-gnu/librt-2.27.so
7f44bfcf9000-7f44bfcfa000 r--p 00006000 fc:01 2181                       /lib/x86_64-linux-gnu/librt-2.27.so
7f44bfcfa000-7f44bfcfb000 rw-p 00007000 fc:01 2181                       /lib/x86_64-linux-gnu/librt-2.27.so
7f44bfcfb000-7f44bfd12000 r-xp 00000000 fc:01 2098                       /lib/x86_64-linux-gnu/libgcc_s.so.1
7f44bfd12000-7f44bff11000 ---p 00017000 fc:01 2098                       /lib/x86_64-linux-gnu/libgcc_s.so.1
7f44bff11000-7f44bff12000 r--p 00016000 fc:01 2098                       /lib/x86_64-linux-gnu/libgcc_s.so.1
7f44bff12000-7f44bff13000 rw-p 00017000 fc:01 2098                       /lib/x86_64-linux-gnu/libgcc_s.so.1
7f44bff13000-7f44c00b0000 r-xp 00000000 fc:01 2089                       /lib/x86_64-linux-gnu/libm-2.27.so
7f44c00b0000-7f44c02af000 ---p 0019d000 fc:01 2089                       /lib/x86_64-linux-gnu/libm-2.27.so
7f44c02af000-7f44c02b0000 r--p 0019c000 fc:01 2089                       /lib/x86_64-linux-gnu/libm-2.27.so
7f44c02b0000-7f44c02b1000 rw-p 0019d000 fc:01 2089                       /lib/x86_64-linux-gnu/libm-2.27.so
7f44c02b1000-7f44c042a000 r-xp 00000000 fc:01 5026                       /usr/lib/x86_64-linux-gnu/libstdc++.so.6.0.25
7f44c042a000-7f44c062a000 ---p 00179000 fc:01 5026                       /usr/lib/x86_64-linux-gnu/libstdc++.so.6.0.25
7f44c062a000-7f44c0634000 r--p 00179000 fc:01 5026                       /usr/lib/x86_64-linux-gnu/libstdc++.so.6.0.25
7f44c0634000-7f44c0636000 rw-p 00183000 fc:01 5026                       /usr/lib/x86_64-linux-gnu/libstdc++.so.6.0.25
7f44c0636000-7f44c063a000 rw-p 00000000 00:00 0 
7f44c063a000-7f44c12d9000 r-xp 00000000 fc:01 3110489                    /usr/lib/jvm/java-8-openjdk-amd64/jre/lib/amd64/server/libjvm.so
7f44c12d9000-7f44c14d9000 ---p 00c9f000 fc:01 3110489                    /usr/lib/jvm/java-8-openjdk-amd64/jre/lib/amd64/server/libjvm.so
7f44c14d9000-7f44c156d000 r--p 00c9f000 fc:01 3110489                    /usr/lib/jvm/java-8-openjdk-amd64/jre/lib/amd64/server/libjvm.so
7f44c156d000-7f44c1596000 rw-p 00d33000 fc:01 3110489                    /usr/lib/jvm/java-8-openjdk-amd64/jre/lib/amd64/server/libjvm.so
7f44c1596000-7f44c15c6000 rw-p 00000000 00:00 0 
7f44c15c6000-7f44c15e0000 r-xp 00000000 fc:01 2179                       /lib/x86_64-linux-gnu/libpthread-2.27.so
7f44c15e0000-7f44c17df000 ---p 0001a000 fc:01 2179                       /lib/x86_64-linux-gnu/libpthread-2.27.so
7f44c17df000-7f44c17e0000 r--p 00019000 fc:01 2179                       /lib/x86_64-linux-gnu/libpthread-2.27.so
7f44c17e0000-7f44c17e1000 rw-p 0001a000 fc:01 2179                       /lib/x86_64-linux-gnu/libpthread-2.27.so
7f44c17e1000-7f44c17e5000 rw-p 00000000 00:00 0 
7f44c17e5000-7f44c17e8000 r-xp 00000000 fc:01 2088                       /lib/x86_64-linux-gnu/libdl-2.27.so
7f44c17e8000-7f44c19e7000 ---p 00003000 fc:01 2088                       /lib/x86_64-linux-gnu/libdl-2.27.so
7f44c19e7000-7f44c19e8000 r--p 00002000 fc:01 2088                       /lib/x86_64-linux-gnu/libdl-2.27.so
7f44c19e8000-7f44c19e9000 rw-p 00003000 fc:01 2088                       /lib/x86_64-linux-gnu/libdl-2.27.so
7f44c19e9000-7f44c1a05000 r-xp 00000000 fc:01 2184                       /lib/x86_64-linux-gnu/libz.so.1.2.11
7f44c1a05000-7f44c1c04000 ---p 0001c000 fc:01 2184                       /lib/x86_64-linux-gnu/libz.so.1.2.11
7f44c1c04000-7f44c1c05000 r--p 0001b000 fc:01 2184                       /lib/x86_64-linux-gnu/libz.so.1.2.11
7f44c1c05000-7f44c1c06000 rw-p 0001c000 fc:01 2184                       /lib/x86_64-linux-gnu/libz.so.1.2.11
7f44c1c06000-7f44c1ded000 r-xp 00000000 fc:01 2085                       /lib/x86_64-linux-gnu/libc-2.27.so
7f44c1ded000-7f44c1fed000 ---p 001e7000 fc:01 2085                       /lib/x86_64-linux-gnu/libc-2.27.so
7f44c1fed000-7f44c1ff1000 r--p 001e7000 fc:01 2085                       /lib/x86_64-linux-gnu/libc-2.27.so
7f44c1ff1000-7f44c1ff3000 rw-p 001eb000 fc:01 2085                       /lib/x86_64-linux-gnu/libc-2.27.so
7f44c1ff3000-7f44c1ff7000 rw-p 00000000 00:00 0 
7f44c1ff7000-7f44c2005000 r-xp 00000000 fc:01 3110449                    /usr/lib/jvm/java-8-openjdk-amd64/jre/lib/amd64/jli/libjli.so
7f44c2005000-7f44c2204000 ---p 0000e000 fc:01 3110449                    /usr/lib/jvm/java-8-openjdk-amd64/jre/lib/amd64/jli/libjli.so
7f44c2204000-7f44c2205000 r--p 0000d000 fc:01 3110449                    /usr/lib/jvm/java-8-openjdk-amd64/jre/lib/amd64/jli/libjli.so
7f44c2205000-7f44c2206000 rw-p 0000e000 fc:01 3110449                    /usr/lib/jvm/java-8-openjdk-amd64/jre/lib/amd64/jli/libjli.so
7f44c2206000-7f44c222d000 r-xp 00000000 fc:01 2081                       /lib/x86_64-linux-gnu/ld-2.27.so
7f44c222d000-7f44c222e000 r--p 00000000 fc:01 7813                       /usr/lib/locale/C.UTF-8/LC_NAME
7f44c222e000-7f44c222f000 r--p 00000000 fc:01 7807                       /usr/lib/locale/C.UTF-8/LC_ADDRESS
7f44c222f000-7f44c2314000 rw-p 00000000 00:00 0 
7f44c2314000-7f44c2315000 ---p 00000000 00:00 0 
7f44c2315000-7f44c2318000 ---p 00000000 00:00 0 
7f44c2318000-7f44c2417000 rw-p 00000000 00:00 0 
7f44c2417000-7f44c2418000 r--p 00000000 fc:01 7816                       /usr/lib/locale/C.UTF-8/LC_TELEPHONE
7f44c2418000-7f44c2419000 r--p 00000000 fc:01 7811                       /usr/lib/locale/C.UTF-8/LC_MEASUREMENT
7f44c2419000-7f44c2420000 r--s 00000000 fc:01 5019                       /usr/lib/x86_64-linux-gnu/gconv/gconv-modules.cache
7f44c2420000-7f44c2421000 r--p 00000000 fc:01 7810                       /usr/lib/locale/C.UTF-8/LC_IDENTIFICATION
7f44c2421000-7f44c2429000 rw-s 00000000 fc:01 4653047                    /tmp/hsperfdata_root/17473
7f44c2429000-7f44c242a000 rw-p 00000000 00:00 0 
7f44c242a000-7f44c242b000 ---p 00000000 00:00 0 
7f44c242b000-7f44c242d000 rw-p 00000000 00:00 0 
7f44c242d000-7f44c242e000 r--p 00027000 fc:01 2081                       /lib/x86_64-linux-gnu/ld-2.27.so
7f44c242e000-7f44c242f000 rw-p 00028000 fc:01 2081                       /lib/x86_64-linux-gnu/ld-2.27.so
7f44c242f000-7f44c2430000 rw-p 00000000 00:00 0 
7ffff4a84000-7ffff4aa6000 rw-p 00000000 00:00 0                          [stack]
7ffff4b5d000-7ffff4b60000 r--p 00000000 00:00 0                          [vvar]
7ffff4b60000-7ffff4b62000 r-xp 00000000 00:00 0                          [vdso]
ffffffffff600000-ffffffffff601000 r-xp 00000000 00:00 0                  [vsyscall]

VM Arguments:
jvm_args: -Dfile.encoding=UTF-8 
java_command: com.visa.FundraisingprojectApplication
java_class_path (initial): /root/eclipse-workspace/fundraisingproject/target/classes:/root/.m2/repository/org/springframework/boot/spring-boot-starter-data-jpa/2.1.7.RELEASE/spring-boot-starter-data-jpa-2.1.7.RELEASE.jar:/root/.m2/repository/org/springframework/boot/spring-boot-starter-aop/2.1.7.RELEASE/spring-boot-starter-aop-2.1.7.RELEASE.jar:/root/.m2/repository/org/springframework/spring-aop/5.1.9.RELEASE/spring-aop-5.1.9.RELEASE.jar:/root/.m2/repository/org/aspectj/aspectjweaver/1.9.4/aspectjweaver-1.9.4.jar:/root/.m2/repository/org/springframework/boot/spring-boot-starter-jdbc/2.1.7.RELEASE/spring-boot-starter-jdbc-2.1.7.RELEASE.jar:/root/.m2/repository/com/zaxxer/HikariCP/3.2.0/HikariCP-3.2.0.jar:/root/.m2/repository/org/springframework/spring-jdbc/5.1.9.RELEASE/spring-jdbc-5.1.9.RELEASE.jar:/root/.m2/repository/javax/transaction/javax.transaction-api/1.3/javax.transaction-api-1.3.jar:/root/.m2/repository/javax/xml/bind/jaxb-api/2.3.1/jaxb-api-2.3.1.jar:/root/.m2/repository/javax/activation/javax.activation-api/1.2.0/javax.activation-api-1.2.0.jar:/root/.m2/repository/org/hibernate/hibernate-core/5.3.10.Final/hibernate-core-5.3.10.Final.jar:/root/.m2/repository/org/jboss/logging/jboss-logging/3.3.2.Final/jboss-logging-3.3.2.Final.jar:/root/.m2/repository/javax/persistence/javax.persistence-api/2.2/javax.persistence-api-2.2.jar:/root/.m2/repository/org/javassist/javassist/3.23.2-GA/javassist-3.23.2-GA.jar:/root/.m2/repository/net/bytebuddy/byte-buddy/1.9.16/byte-buddy-1.9.16.jar:/root/.m2/repository/antlr/antlr/2.7.7/antlr-2.7.7.jar:/root/.m2/repository/org/jboss/jandex/2.0.5.Final/jandex-2.0.5.Final.jar:/root/.m2/repository/com/fasterxml/classmate/1.4.0/classmate-1.4.0.jar:/root/.m2/repository/org/dom4j/dom4j/2.1.1/dom4j-2.1.1.jar:/root/.m2/repository/org/hibernate/common/hibernate-commons-annotations/5.0.4.Final/hibernate-commons-annotations-5.0.4.Final.jar:/root/.m2/repository/org/springframework/data/spring-data-jpa/2.1.10.RELEASE/spring-data-jpa-2.1.10.
Launcher Type: SUN_STANDARD

Environment Variables:
PATH=/usr/local/sbin:/usr/local/bin:/usr/sbin:/usr/bin:/sbin:/bin
SHELL=/bin/sh
DISPLAY=:20.0

Signal Handlers:
SIGSEGV: [libjvm.so+0xab92f0], sa_mask[0]=11111111011111111101111111111110, sa_flags=SA_RESTART|SA_SIGINFO
SIGBUS: [libjvm.so+0xab92f0], sa_mask[0]=11111111011111111101111111111110, sa_flags=SA_RESTART|SA_SIGINFO
SIGFPE: [libjvm.so+0x8ee560], sa_mask[0]=11111111011111111101111111111110, sa_flags=SA_RESTART|SA_SIGINFO
SIGPIPE: [libjvm.so+0x8ee560], sa_mask[0]=11111111011111111101111111111110, sa_flags=SA_RESTART|SA_SIGINFO
SIGXFSZ: [libjvm.so+0x8ee560], sa_mask[0]=11111111011111111101111111111110, sa_flags=SA_RESTART|SA_SIGINFO
SIGILL: [libjvm.so+0x8ee560], sa_mask[0]=11111111011111111101111111111110, sa_flags=SA_RESTART|SA_SIGINFO
SIGUSR1: SIG_DFL, sa_mask[0]=00000000000000000000000000000000, sa_flags=none
SIGUSR2: [libjvm.so+0x8ee410], sa_mask[0]=00100000000000000000000000000000, sa_flags=SA_RESTART|SA_SIGINFO
SIGHUP: [libjvm.so+0x8eea80], sa_mask[0]=11111111011111111101111111111110, sa_flags=SA_RESTART|SA_SIGINFO
SIGINT: [libjvm.so+0x8eea80], sa_mask[0]=11111111011111111101111111111110, sa_flags=SA_RESTART|SA_SIGINFO
SIGTERM: [libjvm.so+0x8eea80], sa_mask[0]=11111111011111111101111111111110, sa_flags=SA_RESTART|SA_SIGINFO
SIGQUIT: [libjvm.so+0x8eea80], sa_mask[0]=11111111011111111101111111111110, sa_flags=SA_RESTART|SA_SIGINFO


---------------  S Y S T E M  ---------------

OS:DISTRIB_ID=Ubuntu
DISTRIB_RELEASE=18.04
DISTRIB_CODENAME=bionic
DISTRIB_DESCRIPTION="Ubuntu 18.04.2 LTS"

uname:Linux 4.15.0-58-generic #64-Ubuntu SMP Tue Aug 6 11:12:41 UTC 2019 x86_64
libc:glibc 2.27 NPTL 2.27 
rlimit: STACK 8192k, CORE 0k, NPROC 15678, NOFILE 4096, AS infinity
load average:2.72 2.49 1.72

/proc/meminfo:
MemTotal:        4039588 kB
MemFree:           85952 kB
MemAvailable:          0 kB
Buffers:             336 kB
Cached:           112628 kB
SwapCached:            0 kB
Active:          3652980 kB
Inactive:         104144 kB
Active(anon):    3645492 kB
Inactive(anon):    90552 kB
Active(file):       7488 kB
Inactive(file):    13592 kB
Unevictable:          32 kB
Mlocked:              32 kB
SwapTotal:             0 kB
SwapFree:              0 kB
Dirty:               108 kB
Writeback:             0 kB
AnonPages:       3644536 kB
Mapped:            63628 kB
Shmem:             91540 kB
Slab:              85408 kB
SReclaimable:      30048 kB
SUnreclaim:        55360 kB
KernelStack:       12208 kB
PageTables:        58164 kB
NFS_Unstable:          0 kB
Bounce:                0 kB
WritebackTmp:          0 kB
CommitLimit:     2019792 kB
Committed_AS:    9394868 kB
VmallocTotal:   34359738367 kB
VmallocUsed:           0 kB
VmallocChunk:          0 kB
HardwareCorrupted:     0 kB
AnonHugePages:         0 kB
ShmemHugePages:        0 kB
ShmemPmdMapped:        0 kB
CmaTotal:              0 kB
CmaFree:               0 kB
HugePages_Total:       0
HugePages_Free:        0
HugePages_Rsvd:        0
HugePages_Surp:        0
Hugepagesize:       2048 kB
DirectMap4k:      149484 kB
DirectMap2M:     4044800 kB
DirectMap1G:           0 kB

container (cgroup) information:
container_type: cgroupv1
cpu_cpuset_cpus: 0-1
cpu_memory_nodes: 0
active_processor_count: 2
cpu_quota: -1
cpu_period: 100000
cpu_shares: -1
memory_limit_in_bytes: -1
memory_and_swap_limit_in_bytes: -2
memory_soft_limit_in_bytes: -1
memory_usage_in_bytes: 3583795200
memory_max_usage_in_bytes: 3590217728


CPU:total 2 (initial active 2) (1 cores per cpu, 1 threads per core) family 6 model 79 stepping 1, cmov, cx8, fxsr, mmx, sse, sse2, sse3, ssse3, sse4.1, sse4.2, popcnt, avx, avx2, aes, clmul, erms, rtm, 3dnowpref, lzcnt, tsc, bmi1, bmi2, adx

/proc/cpuinfo:
processor	: 0
vendor_id	: GenuineIntel
cpu family	: 6
model		: 79
model name	: Intel(R) Xeon(R) CPU E5-2650 v4 @ 2.20GHz
stepping	: 1
microcode	: 0x1
cpu MHz		: 2199.998
cache size	: 30720 KB
physical id	: 0
siblings	: 1
core id		: 0
cpu cores	: 1
apicid		: 0
initial apicid	: 0
fpu		: yes
fpu_exception	: yes
cpuid level	: 13
wp		: yes
flags		: fpu vme de pse tsc msr pae mce cx8 apic sep mtrr pge mca cmov pat pse36 clflush mmx fxsr sse sse2 ss syscall nx pdpe1gb rdtscp lm constant_tsc arch_perfmon rep_good nopl cpuid tsc_known_freq pni pclmulqdq vmx ssse3 fma cx16 pcid sse4_1 sse4_2 x2apic movbe popcnt tsc_deadline_timer aes xsave avx f16c rdrand hypervisor lahf_lm abm 3dnowprefetch invpcid_single pti ssbd ibrs ibpb tpr_shadow vnmi flexpriority ept vpid fsgsbase tsc_adjust bmi1 hle avx2 smep bmi2 erms invpcid rtm rdseed adx smap xsaveopt md_clear
bugs		: cpu_meltdown spectre_v1 spectre_v2 spec_store_bypass l1tf mds swapgs
bogomips	: 4399.99
clflush size	: 64
cache_alignment	: 64
address sizes	: 40 bits physical, 48 bits virtual
power management:

processor	: 1
vendor_id	: GenuineIntel
cpu family	: 6
model		: 79
model name	: Intel(R) Xeon(R) CPU E5-2650 v4 @ 2.20GHz
stepping	: 1
microcode	: 0x1
cpu MHz		: 2199.998
cache size	: 30720 KB
physical id	: 1
siblings	: 1
core id		: 0
cpu cores	: 1
apicid		: 1
initial apicid	: 1
fpu		: yes
fpu_exception	: yes
cpuid level	: 13
wp		: yes
flags		: fpu vme de pse tsc msr pae mce cx8 apic sep mtrr pge mca cmov pat pse36 clflush mmx fxsr sse sse2 ss syscall nx pdpe1gb rdtscp lm constant_tsc arch_perfmon rep_good nopl cpuid tsc_known_freq pni pclmulqdq vmx ssse3 fma cx16 pcid sse4_1 sse4_2 x2apic movbe popcnt tsc_deadline_timer aes xsave avx f16c rdrand hypervisor lahf_lm abm 3dnowprefetch invpcid_single pti ssbd ibrs ibpb tpr_shadow vnmi flexpriority ept vpid fsgsbase tsc_adjust bmi1 hle avx2 smep bmi2 erms invpcid rtm rdseed adx smap xsaveopt md_clear
bugs		: cpu_meltdown spectre_v1 spectre_v2 spec_store_bypass l1tf mds swapgs
bogomips	: 4399.99
clflush size	: 64
cache_alignment	: 64
address sizes	: 40 bits physical, 48 bits virtual
power management:



Memory: 4k page, physical 4039588k(86884k free), swap 0k(0k free)

vm_info: OpenJDK 64-Bit Server VM (25.222-b10) for linux-amd64 JRE (1.8.0_222-8u222-b10-1ubuntu1~18.04.1-b10), built on Jul 18 2019 18:52:48 by "buildd" with gcc 7.4.0

time: Fri Aug 23 13:23:52 2019
timezone: UTC
elapsed time: 21 seconds (0d 0h 0m 21s)

